<?xml version="1.0" encoding="UTF-8"?>
<!-- Generated by org.testng.reporters.JUnitReportReporter -->
<testsuite hostname="DESKTOP-EVMF0N0" failures="0" tests="1" name="loginTestCases.Both_In_Correct" time="26.578" errors="0" timestamp="2022-02-02T16:23:50 IST" skipped="0">
  <testcase classname="loginTestCases.Both_In_Correct" name="loginWithBothInCorrect" time="26.578"/>
  <system-out/>
</testsuite> <!-- loginTestCases.Both_In_Correct -->
