<?xml version="1.0" encoding="UTF-8"?>
<!-- Generated by org.testng.reporters.JUnitReportReporter -->
<testsuite hostname="DESKTOP-EVMF0N0" failures="0" tests="1" name="loginTestCases.BothCorrect" time="24.549" errors="0" timestamp="2022-02-02T16:23:50 IST" skipped="0">
  <testcase classname="loginTestCases.BothCorrect" name="loginWithBothCorrect" time="24.549"/>
  <system-out/>
</testsuite> <!-- loginTestCases.BothCorrect -->
