<?xml version="1.0" encoding="UTF-8"?>
<!-- Generated by org.testng.reporters.JUnitReportReporter -->
<testsuite hostname="DESKTOP-EVMF0N0" failures="0" tests="1" name="loginTestCases.CorrectUserName" time="16.672" errors="0" timestamp="2022-02-02T16:23:50 IST" skipped="0">
  <testcase classname="loginTestCases.CorrectUserName" name="loginWithCorrectUserName" time="16.672"/>
  <system-out/>
</testsuite> <!-- loginTestCases.CorrectUserName -->
