<?xml version="1.0" encoding="UTF-8"?>
<!-- Generated by org.testng.reporters.JUnitReportReporter -->
<testsuite hostname="DESKTOP-EVMF0N0" failures="0" tests="1" name="loginTestCases.CorrectPassword" time="17.197" errors="0" timestamp="2022-02-02T16:23:50 IST" skipped="0">
  <testcase classname="loginTestCases.CorrectPassword" name="loginWithCorrectPassword" time="17.197"/>
  <system-out/>
</testsuite> <!-- loginTestCases.CorrectPassword -->
